#
#model:
#
#<?xml version="1.0" encoding="UTF-8" standalone="no"?><input id="posterior" spec="beast.base.inference.CompoundDistribution">
#    <distribution id="prior" spec="beast.base.inference.CompoundDistribution">
#        <distribution id="CoalescentConstant.t:downsampled_trimmed_output" spec="beast.base.evolution.tree.coalescent.Coalescent">
#            <populationModel id="ConstantPopulation.t:downsampled_trimmed_output" spec="beast.base.evolution.tree.coalescent.ConstantPopulation">
#                <parameter id="popSize.t:downsampled_trimmed_output" lower="0.0" name="popSize" spec="beast.base.inference.parameter.RealParameter">0.3</parameter>
#            </populationModel>
#            <treeIntervals id="TreeIntervals.t:downsampled_trimmed_output" spec="beast.base.evolution.tree.TreeIntervals">
#                <tree id="Tree.t:downsampled_trimmed_output" spec="beast.base.evolution.tree.Tree">
#                    <taxonset id="TaxonSet.downsampled_trimmed_output" spec="beast.base.evolution.alignment.TaxonSet">
#                    </taxonset>
#                </tree>
#            </treeIntervals>
#        </distribution>
#        <prior id="FrequenciesPrior.s:downsampled_trimmed_output" name="distribution">
#            <parameter dimension="4" id="freqParameter.s:downsampled_trimmed_output" lower="0.0" name="x" spec="beast.base.inference.parameter.RealParameter" upper="1.0">0.25</parameter>
#            <distr id="Dirichlet.0" spec="beast.base.inference.distribution.Dirichlet">
#                <parameter dimension="4" estimate="false" id="RealParameter.3" name="alpha" spec="beast.base.inference.parameter.RealParameter">4.0 4.0 4.0 4.0</parameter>
#            </distr>
#        </prior>
#        <prior id="GammaShapePrior.s:downsampled_trimmed_output" name="distribution">
#            <parameter id="gammaShape.s:downsampled_trimmed_output" lower="0.1" name="x" spec="beast.base.inference.parameter.RealParameter">1.0</parameter>
#            <Exponential id="Exponential.0" name="distr">
#                <parameter estimate="false" id="RealParameter.0" name="mean" spec="beast.base.inference.parameter.RealParameter">1.0</parameter>
#            </Exponential>
#        </prior>
#        <prior id="KappaPrior.s:downsampled_trimmed_output" name="distribution">
#            <parameter id="kappa.s:downsampled_trimmed_output" lower="0.0" name="x" spec="beast.base.inference.parameter.RealParameter">2.0</parameter>
#            <LogNormal id="LogNormalDistributionModel.0" name="distr">
#                <parameter estimate="false" id="RealParameter.1" name="M" spec="beast.base.inference.parameter.RealParameter">1.0</parameter>
#                <parameter estimate="false" id="RealParameter.2" name="S" spec="beast.base.inference.parameter.RealParameter">1.25</parameter>
#            </LogNormal>
#        </prior>
#        <prior id="nonZeroRatePrior.s:location" name="distribution">
#            <x id="nonZeroRates.s:location" spec="beast.base.evolution.Sum">
#                <arg dimension="78" id="rateIndicator.s:location" spec="beast.base.inference.parameter.BooleanParameter">true</arg>
#            </x>
#            <distr id="Poisson.0" offset="6.0" spec="beast.base.inference.distribution.Poisson">
#                <parameter estimate="false" id="RealParameter.8" name="lambda" spec="beast.base.inference.parameter.RealParameter">0.693</parameter>
#            </distr>
#        </prior>
#        <prior id="PopSizePrior.t:downsampled_trimmed_output" name="distribution" x="@popSize.t:downsampled_trimmed_output">
#            <OneOnX id="OneOnX.1" name="distr"/>
#        </prior>
#        <prior id="relativeGeoRatesPrior.s:location" name="distribution">
#            <parameter dimension="78" id="relativeGeoRates.s:location" name="x" spec="beast.base.inference.parameter.RealParameter">1.0</parameter>
#            <LogNormal id="LogNormalDistributionModel.1" name="distr">
#                <parameter estimate="false" id="RealParameter.9" name="M" spec="beast.base.inference.parameter.RealParameter">1.0</parameter>
#                <parameter estimate="false" id="RealParameter.10" lower="0.0" name="S" spec="beast.base.inference.parameter.RealParameter" upper="5.0">2.0</parameter>
#            </LogNormal>
#        </prior>
#        <prior id="geoclockPrior.c:location" name="distribution">
#            <parameter id="traitClockRate.c:location" name="x" spec="beast.base.inference.parameter.RealParameter">1.0</parameter>
#            <Gamma id="Gamma.0" name="distr">
#                <parameter estimate="false" id="RealParameter.4" name="alpha" spec="beast.base.inference.parameter.RealParameter">0.001</parameter>
#                <parameter estimate="false" id="RealParameter.5" name="beta" spec="beast.base.inference.parameter.RealParameter">1000.0</parameter>
#            </Gamma>
#        </prior>
#    </distribution>
#    <distribution id="likelihood" spec="beast.base.inference.CompoundDistribution" useThreads="true">
#        <distribution data="@downsampled_trimmed_output" id="treeLikelihood.downsampled_trimmed_output" spec="beast.base.evolution.likelihood.ThreadedTreeLikelihood" tree="@Tree.t:downsampled_trimmed_output">
#            <siteModel gammaCategoryCount="4" id="SiteModel.s:downsampled_trimmed_output" shape="@gammaShape.s:downsampled_trimmed_output" spec="beast.base.evolution.sitemodel.SiteModel">
#                <parameter estimate="false" id="mutationRate.s:downsampled_trimmed_output" lower="0.0" name="mutationRate" spec="beast.base.inference.parameter.RealParameter">1.0</parameter>
#                <parameter estimate="false" id="proportionInvariant.s:downsampled_trimmed_output" lower="0.0" name="proportionInvariant" spec="beast.base.inference.parameter.RealParameter" upper="1.0">0.0</parameter>
#                <substModel id="hky.s:downsampled_trimmed_output" kappa="@kappa.s:downsampled_trimmed_output" spec="beast.base.evolution.substitutionmodel.HKY">
#                    <frequencies frequencies="@freqParameter.s:downsampled_trimmed_output" id="estimatedFreqs.s:downsampled_trimmed_output" spec="beast.base.evolution.substitutionmodel.Frequencies"/>
#                </substModel>
#            </siteModel>
#            <branchRateModel id="StrictClock.c:downsampled_trimmed_output" spec="beast.base.evolution.branchratemodel.StrictClockModel">
#                <parameter estimate="false" id="clockRate.c:downsampled_trimmed_output" lower="0.0" name="clock.rate" spec="beast.base.inference.parameter.RealParameter">1.0</parameter>
#            </branchRateModel>
#        </distribution>
#        <distribution id="traitedtreeLikelihood.location" spec="beastclassic.evolution.likelihood.AncestralStateTreeLikelihood" tag="location" tree="@Tree.t:downsampled_trimmed_output">
#            <data id="location" spec="beastclassic.evolution.alignment.AlignmentFromTrait">
#                <traitSet id="traitSet.location" spec="beast.base.evolution.tree.TraitSet" taxa="@TaxonSet.downsampled_trimmed_output" traitname="discrete">3|north_east_us=north_east_us,
#7|north_east_us=north_east_us,
#25|north_east_us=north_east_us,
#28|west_us=west_us,
#29|west_us=west_us,
#30|west_us=west_us,
#31|west_us=west_us,
#32|west_us=west_us,
#33|west_us=west_us,
#34|west_us=west_us,
#35|west_us=west_us,
#36|mainland_europe=mainland_europe,
#40|mainland_europe=mainland_europe,
#41|mainland_europe=mainland_europe,
#43|mainland_europe=mainland_europe,
#45|mainland_europe=mainland_europe,
#46|mainland_europe=mainland_europe,
#47|mainland_europe=mainland_europe,
#50|mainland_europe=mainland_europe,
#76|north_east_us=north_east_us,
#79|north_east_us=north_east_us,
#96|north_east_us=north_east_us,
#118|north_east_us=north_east_us,
#121|north_east_us=north_east_us,
#397|new_england=new_england,
#410|north_east_us=north_east_us,
#412|dc_adjacent=dc_adjacent,
#413|east_mw_us=east_mw_us,
#415|dc_adjacent=dc_adjacent,
#416|new_england=new_england,
#417|new_england=new_england,
#424|west_mw_us=west_mw_us,
#426|east_mw_us=east_mw_us,
#430|west_mw_us=west_mw_us,
#431|east_mw_us=east_mw_us,
#432|east_mw_us=east_mw_us,
#433|east_mw_us=east_mw_us,
#434|east_mw_us=east_mw_us,
#447|west_mw_us=west_mw_us,
#448|west_mw_us=west_mw_us,
#449|west_mw_us=west_mw_us,
#454|west_mw_us=west_mw_us,
#457|west_mw_us=west_mw_us,
#458|west_mw_us=west_mw_us,
#459|west_mw_us=west_mw_us,
#460|east_mw_us=east_mw_us,
#470|west_mw_us=west_mw_us,
#472|dc_adjacent=dc_adjacent,
#545|new_england=new_england,
#548|new_england=new_england,
#549|new_england=new_england,
#554|new_england=new_england,
#555|new_england=new_england,
#560|new_england=new_england,
#563|new_england=new_england,
#573|north_east_us=north_east_us,
#577|north_east_us=north_east_us,
#578|north_east_us=north_east_us,
#579|north_east_us=north_east_us,
#582|north_east_us=north_east_us,
#585|north_east_us=north_east_us,
#587|north_east_us=north_east_us,
#588|north_east_us=north_east_us,
#593|north_east_us=north_east_us,
#595|north_east_us=north_east_us,
#608|north_east_us=north_east_us,
#614|north_east_us=north_east_us,
#616|north_east_us=north_east_us,
#621|north_east_us=north_east_us,
#626|north_east_us=north_east_us,
#641|north_east_us=north_east_us,
#646|north_east_us=north_east_us,
#648|north_east_us=north_east_us,
#651|north_east_us=north_east_us,
#671|north_east_us=north_east_us,
#679|new_england=new_england,
#689|new_england=new_england,
#700|new_england=new_england,
#701|new_england=new_england,
#720|new_england=new_england,
#730|new_england=new_england,
#738|north_east_us=north_east_us,
#742|new_england=new_england,
#743|new_england=new_england,
#766|new_england=new_england,
#785|north_east_us=north_east_us,
#786|north_east_us=north_east_us,
#793|new_england=new_england,
#798|new_england=new_england,
#801|new_england=new_england,
#832|north_east_us=north_east_us,
#840|north_east_us=north_east_us,
#845|north_east_us=north_east_us,
#857|new_england=new_england,
#865|bc_ab=bc_ab,
#866|manitoba=manitoba,
#867|manitoba=manitoba,
#869|manitoba=manitoba,
#871|manitoba=manitoba,
#872|nb_pei_ns=nb_pei_ns,
#876|nb_pei_ns=nb_pei_ns,
#877|nb_pei_ns=nb_pei_ns,
#879|nb_pei_ns=nb_pei_ns,
#881|nb_pei_ns=nb_pei_ns,
#882|nb_pei_ns=nb_pei_ns,
#883|nb_pei_ns=nb_pei_ns,
#884|nb_pei_ns=nb_pei_ns,
#885|qc_nf=qc_nf,
#889|nb_pei_ns=nb_pei_ns,
#891|nb_pei_ns=nb_pei_ns,
#893|nb_pei_ns=nb_pei_ns,
#894|nb_pei_ns=nb_pei_ns,
#896|nb_pei_ns=nb_pei_ns,
#897|nb_pei_ns=nb_pei_ns,
#899|nb_pei_ns=nb_pei_ns,
#903|nb_pei_ns=nb_pei_ns,
#904|nb_pei_ns=nb_pei_ns,
#906|nb_pei_ns=nb_pei_ns,
#908|nb_pei_ns=nb_pei_ns,
#909|nb_pei_ns=nb_pei_ns,
#913|ontario=ontario,
#914|ontario=ontario,
#916|ontario=ontario,
#917|ontario=ontario,
#923|ontario=ontario,
#928|ontario=ontario,
#943|ontario=ontario,
#953|ontario=ontario,
#972|ontario=ontario,
#974|ontario=ontario,
#978|nb_pei_ns=nb_pei_ns,
#980|nb_pei_ns=nb_pei_ns,
#982|nb_pei_ns=nb_pei_ns,
#984|nb_pei_ns=nb_pei_ns,
#987|nb_pei_ns=nb_pei_ns,
#993|nb_pei_ns=nb_pei_ns,
#994|nb_pei_ns=nb_pei_ns,
#996|nb_pei_ns=nb_pei_ns,
#998|nb_pei_ns=nb_pei_ns,
#1029|uk=uk,
#1030|uk=uk,
#1066|mainland_europe=mainland_europe,
#1069|west_us=west_us,
#1153|mainland_europe=mainland_europe,
#1185|west_mw_us=west_mw_us,
#1187|west_mw_us=west_mw_us,
#1193|west_mw_us=west_mw_us,
#1203|west_mw_us=west_mw_us,
#1207|west_mw_us=west_mw_us,
#1209|west_mw_us=west_mw_us,
#1210|west_mw_us=west_mw_us,
#1217|west_mw_us=west_mw_us,
#1220|west_mw_us=west_mw_us,
#1221|west_mw_us=west_mw_us,
#1226|west_mw_us=west_mw_us,
#1227|west_mw_us=west_mw_us,
#1229|west_mw_us=west_mw_us,
#1234|west_mw_us=west_mw_us,
#1235|west_mw_us=west_mw_us,
#1237|west_mw_us=west_mw_us,
#1242|west_mw_us=west_mw_us,
#1245|west_mw_us=west_mw_us,
#1301|west_mw_us=west_mw_us,
#1346|west_us=west_us,
#1347|west_us=west_us,
#1348|west_us=west_us,
#1349|west_us=west_us,
#1350|west_us=west_us,
#1351|west_us=west_us,
#1352|west_us=west_us,
#1353|west_us=west_us,
#1354|west_us=west_us,
#1355|west_us=west_us,
#1356|west_us=west_us,
#1357|west_us=west_us,
#1358|west_us=west_us,
#1359|west_us=west_us,
#1360|west_us=west_us,
#1361|west_us=west_us,
#1362|west_us=west_us,
#1363|west_us=west_us,
#1364|west_us=west_us,
#1365|west_us=west_us,
#1366|west_us=west_us,
#1369|qc_nf=qc_nf,
#1370|qc_nf=qc_nf,
#1374|qc_nf=qc_nf,
#1375|qc_nf=qc_nf,
#1376|qc_nf=qc_nf,
#1377|qc_nf=qc_nf,
#1380|qc_nf=qc_nf,
#1383|qc_nf=qc_nf,
#1387|qc_nf=qc_nf,
#1391|qc_nf=qc_nf,
#1393|qc_nf=qc_nf,
#1395|qc_nf=qc_nf,
#1396|qc_nf=qc_nf,
#1398|east_mw_us=east_mw_us,
#1399|east_mw_us=east_mw_us,
#1400|east_mw_us=east_mw_us,
#1401|east_mw_us=east_mw_us,
#1402|east_mw_us=east_mw_us,
#1404|west_mw_us=west_mw_us,
#1406|east_mw_us=east_mw_us,
#1407|east_mw_us=east_mw_us,
#1408|east_mw_us=east_mw_us,
#1409|east_mw_us=east_mw_us,
#1411|east_mw_us=east_mw_us,
#1412|east_mw_us=east_mw_us,
#1413|east_mw_us=east_mw_us,
#1415|east_mw_us=east_mw_us,
#1419|west_mw_us=west_mw_us,
#1421|east_mw_us=east_mw_us,
#1525|qc_nf=qc_nf,
#1526|ontario=ontario,
#1531|manitoba=manitoba,
#1532|manitoba=manitoba,
#1533|manitoba=manitoba,
#1536|manitoba=manitoba,
#1537|manitoba=manitoba,
#1539|manitoba=manitoba,
#1542|nb_pei_ns=nb_pei_ns,
#1544|nb_pei_ns=nb_pei_ns,
#1674|mainland_europe=mainland_europe,
#1679|mainland_europe=mainland_europe,
#1681|mainland_europe=mainland_europe,
#1683|mainland_europe=mainland_europe,
#1684|mainland_europe=mainland_europe,
#1687|mainland_europe=mainland_europe,
#1691|mainland_europe=mainland_europe,
#1692|mainland_europe=mainland_europe,
#1693|mainland_europe=mainland_europe,
#1695|mainland_europe=mainland_europe,
#1696|mainland_europe=mainland_europe,
#1699|mainland_europe=mainland_europe,
#1700|mainland_europe=mainland_europe,
#1702|mainland_europe=mainland_europe,
#1703|mainland_europe=mainland_europe,
#1705|mainland_europe=mainland_europe,
#1708|mainland_europe=mainland_europe,
#1709|mainland_europe=mainland_europe,
#1713|mainland_europe=mainland_europe,
#1714|mainland_europe=mainland_europe,
#1716|mainland_europe=mainland_europe,
#1719|mainland_europe=mainland_europe,
#1720|mainland_europe=mainland_europe,
#1722|mainland_europe=mainland_europe,
#1724|mainland_europe=mainland_europe,
#1730|mainland_europe=mainland_europe,
#1731|mainland_europe=mainland_europe,
#1882|mainland_europe=mainland_europe,
#1883|mainland_europe=mainland_europe,
#1889|manitoba=manitoba,
#1893|ontario=ontario,
#2038|manitoba=manitoba,
#2039|west_us=west_us,
#2042|dc_adjacent=dc_adjacent,
#2045|east_mw_us=east_mw_us,
#2047|west_mw_us=west_mw_us,
#2049|west_mw_us=west_mw_us,
#2050|west_mw_us=west_mw_us,
#2079|west_us=west_us,
#2146|qc_nf=qc_nf,
#2148|qc_nf=qc_nf,
#2150|qc_nf=qc_nf,
#2151|qc_nf=qc_nf,
#2153|qc_nf=qc_nf,
#2159|qc_nf=qc_nf,
#2161|qc_nf=qc_nf,
#2168|qc_nf=qc_nf,
#2172|qc_nf=qc_nf,
#2173|qc_nf=qc_nf,
#2175|qc_nf=qc_nf,
#2181|qc_nf=qc_nf,
#2194|manitoba=manitoba,
#2196|manitoba=manitoba,
#2202|manitoba=manitoba,
#2213|manitoba=manitoba,
#2214|manitoba=manitoba,
#2218|qc_nf=qc_nf,
#2219|qc_nf=qc_nf,
#2220|qc_nf=qc_nf,
#2221|qc_nf=qc_nf,
#2233|ontario=ontario,
#2240|ontario=ontario,
#2252|manitoba=manitoba,
#2254|manitoba=manitoba,
#2256|manitoba=manitoba,
#2257|manitoba=manitoba,
#2260|manitoba=manitoba,
#2262|manitoba=manitoba,
#2263|manitoba=manitoba,
#2265|manitoba=manitoba,
#2268|manitoba=manitoba,
#2274|manitoba=manitoba,
#2275|manitoba=manitoba,
#2283|ontario=ontario,
#2284|ontario=ontario,
#2289|ontario=ontario,
#2292|ontario=ontario,
#2298|ontario=ontario,
#2304|ontario=ontario,
#2307|ontario=ontario,
#2313|ontario=ontario,
#2323|ontario=ontario,
#2325|ontario=ontario,
#2332|ontario=ontario,
#2343|qc_nf=qc_nf,
#2344|qc_nf=qc_nf,
#2351|qc_nf=qc_nf,
#2356|qc_nf=qc_nf,
#2358|qc_nf=qc_nf,
#2360|qc_nf=qc_nf,
#2363|qc_nf=qc_nf,
#2367|qc_nf=qc_nf,
#2382|ontario=ontario,
#2391|manitoba=manitoba,
#2393|manitoba=manitoba,
#2395|manitoba=manitoba,
#2396|manitoba=manitoba,
#2407|ontario=ontario,
#2413|nb_pei_ns=nb_pei_ns,
#2424|nb_pei_ns=nb_pei_ns,
#2425|nb_pei_ns=nb_pei_ns,
#2426|nb_pei_ns=nb_pei_ns,
#2428|nb_pei_ns=nb_pei_ns,
#2430|nb_pei_ns=nb_pei_ns,
#2431|nb_pei_ns=nb_pei_ns,
#2436|manitoba=manitoba,
#2437|manitoba=manitoba,
#2438|manitoba=manitoba,
#2442|manitoba=manitoba,
#2443|manitoba=manitoba,
#2445|manitoba=manitoba,
#2447|manitoba=manitoba,
#2448|manitoba=manitoba,
#2621|uk=uk,
#2622|uk=uk,
#2623|uk=uk,
#2624|uk=uk,
#2625|uk=uk,
#2626|uk=uk,
#2627|uk=uk,
#2628|uk=uk,
#2629|uk=uk,
#2630|uk=uk,
#2631|uk=uk,
#2632|uk=uk,
#2633|uk=uk,
#2634|uk=uk,
#2635|uk=uk,
#2636|uk=uk,
#2637|uk=uk,
#2638|uk=uk,
#2639|uk=uk,
#2640|uk=uk,
#2641|uk=uk,
#2642|uk=uk,
#2643|uk=uk,
#2644|uk=uk,
#2645|uk=uk,
#2646|uk=uk,
#2647|uk=uk,
#2648|uk=uk,
#2649|uk=uk,
#2650|uk=uk,
#2776|new_england=new_england,
#2777|west_us=west_us,
#2781|mainland_europe=mainland_europe,
#2786|west_us=west_us,
#2792|west_us=west_us,
#3195|new_england=new_england,
#3276|new_england=new_england,
#3284|new_england=new_england,
#3286|new_england=new_england,
#3287|new_england=new_england,
#3294|new_england=new_england,
#3298|new_england=new_england,
#3302|new_england=new_england,
#3303|new_england=new_england,
#3304|new_england=new_england,
#3306|new_england=new_england,
#3318|new_england=new_england,
#3331|north_east_us=north_east_us,
#3335|west_mw_us=west_mw_us,
#3357|nb_pei_ns=nb_pei_ns,
#3361|new_england=new_england,
#3362|new_england=new_england,
#3374|west_mw_us=west_mw_us,
#3375|west_mw_us=west_mw_us,
#3383|nb_pei_ns=nb_pei_ns,
#3384|ontario=ontario,
#3387|north_east_us=north_east_us,
#3394|north_east_us=north_east_us,
#3403|north_east_us=north_east_us,
#3404|qc_nf=qc_nf,
#3411|new_england=new_england,
#3413|new_england=new_england,
#3415|west_mw_us=west_mw_us,
#3416|dc_adjacent=dc_adjacent,
#3417|dc_adjacent=dc_adjacent,
#3418|dc_adjacent=dc_adjacent,
#3419|dc_adjacent=dc_adjacent,
#3420|dc_adjacent=dc_adjacent,
#3421|dc_adjacent=dc_adjacent,
#3422|dc_adjacent=dc_adjacent,
#3463|ontario=ontario,
#3465|ontario=ontario,
#3469|ontario=ontario,
#3472|ontario=ontario,
#3480|ontario=ontario,
#3483|ontario=ontario,
#3485|ontario=ontario,
#3486|ontario=ontario,
#3487|ontario=ontario,
#3492|ontario=ontario,
#3493|ontario=ontario,
#3494|ontario=ontario,
#3570|dc_adjacent=dc_adjacent,
#3571|dc_adjacent=dc_adjacent,
#3572|west_mw_us=west_mw_us,
#3573|west_mw_us=west_mw_us,
#3575|north_east_us=north_east_us,
#3577|dc_adjacent=dc_adjacent,
#3652|bc_ab=bc_ab,
#3653|bc_ab=bc_ab,
#3654|bc_ab=bc_ab,
#3655|bc_ab=bc_ab,
#3656|bc_ab=bc_ab,
#3657|bc_ab=bc_ab,
#3658|bc_ab=bc_ab,
#3659|bc_ab=bc_ab,
#3660|bc_ab=bc_ab,
#3661|bc_ab=bc_ab,
#3662|bc_ab=bc_ab,
#3663|bc_ab=bc_ab,
#3665|bc_ab=bc_ab,
#3666|bc_ab=bc_ab,
#3667|bc_ab=bc_ab,
#3668|bc_ab=bc_ab,
#3670|bc_ab=bc_ab,
#3671|bc_ab=bc_ab,
#3672|bc_ab=bc_ab,
#3673|bc_ab=bc_ab,
#3674|bc_ab=bc_ab,
#3675|bc_ab=bc_ab,
#3676|bc_ab=bc_ab,
#3677|bc_ab=bc_ab,
#3678|bc_ab=bc_ab,
#3679|bc_ab=bc_ab,
#3680|bc_ab=bc_ab,
#3681|bc_ab=bc_ab,
#3682|bc_ab=bc_ab,
#3684|bc_ab=bc_ab,
#3685|bc_ab=bc_ab,
#3686|bc_ab=bc_ab</traitSet>
#                <userDataType codeMap="bc_ab=0,dc_adjacent=1,east_mw_us=2,mainland_europe=3,manitoba=4,nb_pei_ns=5,new_england=6,north_east_us=7,ontario=8,qc_nf=9,uk=10,west_mw_us=11,west_us=12,? = 0 1 2 3 4 5 6 7 8 9 10 11 12 " codelength="-1" id="traitDataType.location" spec="beast.base.evolution.datatype.UserDataType" states="13"/>
#            </data>
#            <siteModel gammaCategoryCount="1" id="geoSiteModel.s:location" spec="beast.base.evolution.sitemodel.SiteModel">
#                <parameter estimate="false" id="mutationRate.s:location" name="mutationRate" spec="beast.base.inference.parameter.RealParameter">1.0</parameter>
#                <parameter estimate="false" id="gammaShape.s:location" name="shape" spec="beast.base.inference.parameter.RealParameter">1.0</parameter>
#                <parameter estimate="false" id="proportionInvariant.s:location" lower="0.0" name="proportionInvariant" spec="beast.base.inference.parameter.RealParameter" upper="1.0">0.0</parameter>
#                <substModel id="svs.s:location" rateIndicator="@rateIndicator.s:location" rates="@relativeGeoRates.s:location" spec="beastclassic.evolution.substitutionmodel.SVSGeneralSubstitutionModel">
#                    <frequencies id="traitfreqs.s:location" spec="beast.base.evolution.substitutionmodel.Frequencies">
#                        <parameter dimension="13" id="traitfrequencies.s:location" name="frequencies" spec="beast.base.inference.parameter.RealParameter">0.07692307692307693</parameter>
#                    </frequencies>
#                </substModel>
#            </siteModel>
#            <branchRateModel clock.rate="@traitClockRate.c:location" id="StrictClockModel.c:location" spec="beast.base.evolution.branchratemodel.StrictClockModel"/>
#        </distribution>
#    </distribution>
#</input>
#
Sample	posterior	likelihood	prior	treeLikelihood	Tree.height	Tree.treeLength	gammaShape.downsampled_trimmed_output	kappa.downsampled_trimmed_output	freqParameter.downsampled_trimmed_output.1	freqParameter.downsampled_trimmed_output.2	freqParameter.downsampled_trimmed_output.3	freqParameter.downsampled_trimmed_output.4	popSize	CoalescentConstant	rateIndicator.location.1	rateIndicator.location.2	rateIndicator.location.3	rateIndicator.location.4	rateIndicator.location.5	rateIndicator.location.6	rateIndicator.location.7	rateIndicator.location.8	rateIndicator.location.9	rateIndicator.location.10	rateIndicator.location.11	rateIndicator.location.12	rateIndicator.location.13	rateIndicator.location.14	rateIndicator.location.15	rateIndicator.location.16	rateIndicator.location.17	rateIndicator.location.18	rateIndicator.location.19	rateIndicator.location.20	rateIndicator.location.21	rateIndicator.location.22	rateIndicator.location.23	rateIndicator.location.24	rateIndicator.location.25	rateIndicator.location.26	rateIndicator.location.27	rateIndicator.location.28	rateIndicator.location.29	rateIndicator.location.30	rateIndicator.location.31	rateIndicator.location.32	rateIndicator.location.33	rateIndicator.location.34	rateIndicator.location.35	rateIndicator.location.36	rateIndicator.location.37	rateIndicator.location.38	rateIndicator.location.39	rateIndicator.location.40	rateIndicator.location.41	rateIndicator.location.42	rateIndicator.location.43	rateIndicator.location.44	rateIndicator.location.45	rateIndicator.location.46	rateIndicator.location.47	rateIndicator.location.48	rateIndicator.location.49	rateIndicator.location.50	rateIndicator.location.51	rateIndicator.location.52	rateIndicator.location.53	rateIndicator.location.54	rateIndicator.location.55	rateIndicator.location.56	rateIndicator.location.57	rateIndicator.location.58	rateIndicator.location.59	rateIndicator.location.60	rateIndicator.location.61	rateIndicator.location.62	rateIndicator.location.63	rateIndicator.location.64	rateIndicator.location.65	rateIndicator.location.66	rateIndicator.location.67	rateIndicator.location.68	rateIndicator.location.69	rateIndicator.location.70	rateIndicator.location.71	rateIndicator.location.72	rateIndicator.location.73	rateIndicator.location.74	rateIndicator.location.75	rateIndicator.location.76	rateIndicator.location.77	rateIndicator.location.78	relativeGeoRates.location.1	relativeGeoRates.location.2	relativeGeoRates.location.3	relativeGeoRates.location.4	relativeGeoRates.location.5	relativeGeoRates.location.6	relativeGeoRates.location.7	relativeGeoRates.location.8	relativeGeoRates.location.9	relativeGeoRates.location.10	relativeGeoRates.location.11	relativeGeoRates.location.12	relativeGeoRates.location.13	relativeGeoRates.location.14	relativeGeoRates.location.15	relativeGeoRates.location.16	relativeGeoRates.location.17	relativeGeoRates.location.18	relativeGeoRates.location.19	relativeGeoRates.location.20	relativeGeoRates.location.21	relativeGeoRates.location.22	relativeGeoRates.location.23	relativeGeoRates.location.24	relativeGeoRates.location.25	relativeGeoRates.location.26	relativeGeoRates.location.27	relativeGeoRates.location.28	relativeGeoRates.location.29	relativeGeoRates.location.30	relativeGeoRates.location.31	relativeGeoRates.location.32	relativeGeoRates.location.33	relativeGeoRates.location.34	relativeGeoRates.location.35	relativeGeoRates.location.36	relativeGeoRates.location.37	relativeGeoRates.location.38	relativeGeoRates.location.39	relativeGeoRates.location.40	relativeGeoRates.location.41	relativeGeoRates.location.42	relativeGeoRates.location.43	relativeGeoRates.location.44	relativeGeoRates.location.45	relativeGeoRates.location.46	relativeGeoRates.location.47	relativeGeoRates.location.48	relativeGeoRates.location.49	relativeGeoRates.location.50	relativeGeoRates.location.51	relativeGeoRates.location.52	relativeGeoRates.location.53	relativeGeoRates.location.54	relativeGeoRates.location.55	relativeGeoRates.location.56	relativeGeoRates.location.57	relativeGeoRates.location.58	relativeGeoRates.location.59	relativeGeoRates.location.60	relativeGeoRates.location.61	relativeGeoRates.location.62	relativeGeoRates.location.63	relativeGeoRates.location.64	relativeGeoRates.location.65	relativeGeoRates.location.66	relativeGeoRates.location.67	relativeGeoRates.location.68	relativeGeoRates.location.69	relativeGeoRates.location.70	relativeGeoRates.location.71	relativeGeoRates.location.72	relativeGeoRates.location.73	relativeGeoRates.location.74	relativeGeoRates.location.75	relativeGeoRates.location.76	relativeGeoRates.location.77	relativeGeoRates.location.78	traitClockRate	geoSubstModelLogger.location.relGeoRate_bc_ab_dc_adjacent	geoSubstModelLogger.location.relGeoRate_bc_ab_east_mw_us	geoSubstModelLogger.location.relGeoRate_bc_ab_mainland_europe	geoSubstModelLogger.location.relGeoRate_bc_ab_manitoba	geoSubstModelLogger.location.relGeoRate_bc_ab_nb_pei_ns	geoSubstModelLogger.location.relGeoRate_bc_ab_new_england	geoSubstModelLogger.location.relGeoRate_bc_ab_north_east_us	geoSubstModelLogger.location.relGeoRate_bc_ab_ontario	geoSubstModelLogger.location.relGeoRate_bc_ab_qc_nf	geoSubstModelLogger.location.relGeoRate_bc_ab_uk	geoSubstModelLogger.location.relGeoRate_bc_ab_west_mw_us	geoSubstModelLogger.location.relGeoRate_bc_ab_west_us	geoSubstModelLogger.location.relGeoRate_dc_adjacent_east_mw_us	geoSubstModelLogger.location.relGeoRate_dc_adjacent_mainland_europe	geoSubstModelLogger.location.relGeoRate_dc_adjacent_manitoba	geoSubstModelLogger.location.relGeoRate_dc_adjacent_nb_pei_ns	geoSubstModelLogger.location.relGeoRate_dc_adjacent_new_england	geoSubstModelLogger.location.relGeoRate_dc_adjacent_north_east_us	geoSubstModelLogger.location.relGeoRate_dc_adjacent_ontario	geoSubstModelLogger.location.relGeoRate_dc_adjacent_qc_nf	geoSubstModelLogger.location.relGeoRate_dc_adjacent_uk	geoSubstModelLogger.location.relGeoRate_dc_adjacent_west_mw_us	geoSubstModelLogger.location.relGeoRate_dc_adjacent_west_us	geoSubstModelLogger.location.relGeoRate_east_mw_us_mainland_europe	geoSubstModelLogger.location.relGeoRate_east_mw_us_manitoba	geoSubstModelLogger.location.relGeoRate_east_mw_us_nb_pei_ns	geoSubstModelLogger.location.relGeoRate_east_mw_us_new_england	geoSubstModelLogger.location.relGeoRate_east_mw_us_north_east_us	geoSubstModelLogger.location.relGeoRate_east_mw_us_ontario	geoSubstModelLogger.location.relGeoRate_east_mw_us_qc_nf	geoSubstModelLogger.location.relGeoRate_east_mw_us_uk	geoSubstModelLogger.location.relGeoRate_east_mw_us_west_mw_us	geoSubstModelLogger.location.relGeoRate_east_mw_us_west_us	geoSubstModelLogger.location.relGeoRate_mainland_europe_manitoba	geoSubstModelLogger.location.relGeoRate_mainland_europe_nb_pei_ns	geoSubstModelLogger.location.relGeoRate_mainland_europe_new_england	geoSubstModelLogger.location.relGeoRate_mainland_europe_north_east_us	geoSubstModelLogger.location.relGeoRate_mainland_europe_ontario	geoSubstModelLogger.location.relGeoRate_mainland_europe_qc_nf	geoSubstModelLogger.location.relGeoRate_mainland_europe_uk	geoSubstModelLogger.location.relGeoRate_mainland_europe_west_mw_us	geoSubstModelLogger.location.relGeoRate_mainland_europe_west_us	geoSubstModelLogger.location.relGeoRate_manitoba_nb_pei_ns	geoSubstModelLogger.location.relGeoRate_manitoba_new_england	geoSubstModelLogger.location.relGeoRate_manitoba_north_east_us	geoSubstModelLogger.location.relGeoRate_manitoba_ontario	geoSubstModelLogger.location.relGeoRate_manitoba_qc_nf	geoSubstModelLogger.location.relGeoRate_manitoba_uk	geoSubstModelLogger.location.relGeoRate_manitoba_west_mw_us	geoSubstModelLogger.location.relGeoRate_manitoba_west_us	geoSubstModelLogger.location.relGeoRate_nb_pei_ns_new_england	geoSubstModelLogger.location.relGeoRate_nb_pei_ns_north_east_us	geoSubstModelLogger.location.relGeoRate_nb_pei_ns_ontario	geoSubstModelLogger.location.relGeoRate_nb_pei_ns_qc_nf	geoSubstModelLogger.location.relGeoRate_nb_pei_ns_uk	geoSubstModelLogger.location.relGeoRate_nb_pei_ns_west_mw_us	geoSubstModelLogger.location.relGeoRate_nb_pei_ns_west_us	geoSubstModelLogger.location.relGeoRate_new_england_north_east_us	geoSubstModelLogger.location.relGeoRate_new_england_ontario	geoSubstModelLogger.location.relGeoRate_new_england_qc_nf	geoSubstModelLogger.location.relGeoRate_new_england_uk	geoSubstModelLogger.location.relGeoRate_new_england_west_mw_us	geoSubstModelLogger.location.relGeoRate_new_england_west_us	geoSubstModelLogger.location.relGeoRate_north_east_us_ontario	geoSubstModelLogger.location.relGeoRate_north_east_us_qc_nf	geoSubstModelLogger.location.relGeoRate_north_east_us_uk	geoSubstModelLogger.location.relGeoRate_north_east_us_west_mw_us	geoSubstModelLogger.location.relGeoRate_north_east_us_west_us	geoSubstModelLogger.location.relGeoRate_ontario_qc_nf	geoSubstModelLogger.location.relGeoRate_ontario_uk	geoSubstModelLogger.location.relGeoRate_ontario_west_mw_us	geoSubstModelLogger.location.relGeoRate_ontario_west_us	geoSubstModelLogger.location.relGeoRate_qc_nf_uk	geoSubstModelLogger.location.relGeoRate_qc_nf_west_mw_us	geoSubstModelLogger.location.relGeoRate_qc_nf_west_us	geoSubstModelLogger.location.relGeoRate_uk_west_mw_us	geoSubstModelLogger.location.relGeoRate_uk_west_us	geoSubstModelLogger.location.relGeoRate_west_mw_us_west_us
0	-68613.27663547087	-67246.27329938755	-1367.0033360833154	-64432.62903469787	3.7950924243745314	16.43738677240875	1.0	2.0	0.25	0.25	0.25	0.25	0.3	-960.9552680059791	1	1	1	1	1	1	1	1	1	1	1	1	1	1	1	1	1	1	1	1	1	1	1	1	1	1	1	1	1	1	1	1	1	1	1	1	1	1	1	1	1	1	1	1	1	1	1	1	1	1	1	1	1	1	1	1	1	1	1	1	1	1	1	1	1	1	1	1	1	1	1	1	1	1	1	1	1	1	1.0	1.0	1.0	1.0	1.0	1.0	1.0	1.0	1.0	1.0	1.0	1.0	1.0	1.0	1.0	1.0	1.0	1.0	1.0	1.0	1.0	1.0	1.0	1.0	1.0	1.0	1.0	1.0	1.0	1.0	1.0	1.0	1.0	1.0	1.0	1.0	1.0	1.0	1.0	1.0	1.0	1.0	1.0	1.0	1.0	1.0	1.0	1.0	1.0	1.0	1.0	1.0	1.0	1.0	1.0	1.0	1.0	1.0	1.0	1.0	1.0	1.0	1.0	1.0	1.0	1.0	1.0	1.0	1.0	1.0	1.0	1.0	1.0	1.0	1.0	1.0	1.0	1.0	1.0	1.0	1.0	1.0	1.0	1.0	1.0	1.0	1.0	1.0	1.0	1.0	1.0	1.0	1.0	1.0	1.0	1.0	1.0	1.0	1.0	1.0	1.0	1.0	1.0	1.0	1.0	1.0	1.0	1.0	1.0	1.0	1.0	1.0	1.0	1.0	1.0	1.0	1.0	1.0	1.0	1.0	1.0	1.0	1.0	1.0	1.0	1.0	1.0	1.0	1.0	1.0	1.0	1.0	1.0	1.0	1.0	1.0	1.0	1.0	1.0	1.0	1.0	1.0	1.0	1.0	1.0	1.0	1.0	1.0	1.0	1.0	1.0	1.0	1.0	1.0	1.0	1.0	1.0
1000	-62673.22207035843	-62040.31073161954	-632.9113387388903	-60862.24212117503	1.8955546510534318	11.86655563504127	1.0	2.0	0.25	0.25	0.25	0.25	0.826071817144847	-436.55142896375366	1	0	1	1	0	0	1	0	0	0	0	0	1	0	0	0	0	1	0	0	0	1	0	0	0	0	1	0	0	1	1	1	1	0	1	0	0	0	0	0	0	0	1	1	1	0	1	0	1	1	1	0	1	0	0	0	0	1	0	0	0	0	0	0	0	0	0	0	0	0	1	0	0	0	0	0	0	0	0.9686253268855926	0.9992167926889144	0.9555776654906777	1.1532886107348117	0.9687921229636902	1.0323097522871292	0.9843915848324819	0.9489699277471926	0.9907512825717709	0.998496247995608	1.030244729749781	1.0800101923938343	0.9991813855089087	0.9353020236702412	0.9837795833759972	0.9900514094156825	0.9550085733359385	1.048325877385599	1.0137147422782218	1.008976087544555	0.994475269627143	0.9165885292406903	1.061763240071111	1.0312514174055025	0.9571870160102169	0.9738346879295822	1.1587355931502663	1.159804820964345	1.1034583906892117	0.9797774154354991	1.0494832734523123	0.9456360251118432	0.9205719025500567	0.9571907383739672	1.0283359780212182	1.061375897353046	1.1355163226438596	1.1131273544672617	1.111607289774632	1.02770656055701	1.0188490962551522	1.0110948001844455	0.9763599611994406	1.0176510706298634	1.0804815394634686	0.8519463863260502	1.0400806737327382	1.0491047396504598	0.9513088245276001	0.9539645469921849	1.012605123663148	1.0025625856844587	1.0789104111755097	0.9741195201228314	1.048210710181529	0.9778594267985765	0.9851920757330098	1.0836618490599106	1.0465680143338303	1.0061600326376459	1.0702109776169861	1.0302313244498558	1.0464439915557397	0.9699874184090116	0.8903080669591196	1.054252133573725	0.913535088158386	1.0971986335481543	0.9529912682330046	0.9614704501080406	1.069075374591089	0.963835760503828	0.9566576048093999	0.9539047127630915	1.0303743542273995	0.9541306978240661	0.9493446142474485	0.9583427013540098	5817.074280555014	0.9686253268855926	0.0	0.9555776654906777	1.1532886107348117	0.0	0.0	0.9843915848324819	0.0	0.0	0.0	0.0	0.0	0.9991813855089087	0.0	0.0	0.0	0.0	1.048325877385599	0.0	0.0	0.0	0.9165885292406903	0.0	0.0	0.0	0.0	1.1587355931502663	0.0	0.0	0.9797774154354991	1.0494832734523123	0.9456360251118432	0.9205719025500567	0.0	1.0283359780212182	0.0	0.0	0.0	0.0	0.0	0.0	0.0	0.9763599611994406	1.0176510706298634	1.0804815394634686	0.0	1.0400806737327382	0.0	0.9513088245276001	0.9539645469921849	1.012605123663148	0.0	1.0789104111755097	0.0	0.0	0.0	0.0	1.0836618490599106	0.0	0.0	0.0	0.0	0.0	0.0	0.0	0.0	0.0	0.0	0.0	0.0	1.069075374591089	0.0	0.0	0.0	0.0	0.0	0.0	0.0
2000	-58840.51576740262	-58268.26159178416	-572.2541756184553	-57101.14931656367	0.7413513032516993	8.199786757962505	1.0	2.276877411260955	0.25	0.25	0.25	0.25	0.8823499800840185	-401.142280534565	0	0	1	1	0	0	1	0	0	0	1	0	1	0	0	0	0	0	0	0	0	0	0	0	0	0	0	0	0	0	1	0	1	0	1	0	0	0	1	0	0	1	0	1	0	0	0	0	0	0	0	0	0	0	0	1	0	0	0	0	0	0	0	0	0	0	0	0	0	0	1	0	0	0	0	0	0	0	0.8618673595988118	0.9961973031183934	0.9193993885559066	1.1573716940953402	0.9407334925124724	1.0686561358645594	0.9935639019220763	1.1369018093841965	0.9644890681777261	0.9245110075142904	0.9878087626112368	1.2109905449137854	1.136836028569246	1.0767718324408926	1.1118015547669209	1.0785334697503874	0.9101745886264796	1.1757128294236212	1.0479254681515404	0.8813735695834785	0.9861887213953359	0.9195880090565696	0.9903904313319982	1.0490572649827619	1.0125643005519358	1.027381763391222	1.0349139027843914	1.2460868956146052	1.0945912641800863	0.9587711889237555	0.9754524920979104	0.9211045097232469	1.0373992733370192	0.9439386882782724	0.9725285053191581	0.995138254181875	1.0361513828616493	1.0130253509620704	1.1299089103823832	1.0159304956631376	1.014072910038221	0.9420633064556563	0.9026824371988614	1.0320264784595798	1.1492339238078018	0.7554862297318017	1.0459266680302055	0.9767933439784436	0.9122721534444204	0.8738993899479803	1.020933324418763	1.1339863959588086	0.9962245101281674	0.9060671749474662	1.0367757399559931	0.96593053050099	1.0761428585466555	1.1376109038354203	0.8952397315623366	0.885839244905882	1.1170227895950324	1.1914486303784293	1.0378294351320847	1.0212868567631341	0.8840487284080324	1.0631828665245588	0.9363106946303476	1.1414782528969591	1.011711942669141	0.9815756620191123	1.1000743560667925	0.9779746908743833	1.0909069372682347	0.9797570099782911	0.9514096839172212	1.0257433052089204	0.8815958341735037	0.8667226120185381	8636.149395401273	0.0	0.0	0.9193993885559066	1.1573716940953402	0.0	0.0	0.9935639019220763	0.0	0.0	0.0	0.9878087626112368	0.0	1.136836028569246	0.0	0.0	0.0	0.0	0.0	0.0	0.0	0.0	0.0	0.0	0.0	0.0	0.0	0.0	0.0	0.0	0.0	0.9754524920979104	0.0	1.0373992733370192	0.0	0.9725285053191581	0.0	0.0	0.0	1.1299089103823832	0.0	0.0	0.9420633064556563	0.0	1.0320264784595798	0.0	0.0	0.0	0.0	0.0	0.0	0.0	0.0	0.0	0.0	0.0	0.96593053050099	0.0	0.0	0.0	0.0	0.0	0.0	0.0	0.0	0.0	0.0	0.0	0.0	0.0	0.0	1.1000743560667925	0.0	0.0	0.0	0.0	0.0	0.0	0.0
